Blizzard BNUpdate v2.133 compilada en Aug 14 2008
Registro creado en  1:20 pm en 08/03/2011

This patch upgrades Warcraft III The Frozen Throne from the previous version.

Registry error loading key 'Warcraft III\InstallPath'
El sistema no puede encontrar el archivo especificado.


RESULTADO: Error del parche

============================================================

Blizzard BNUpdate v2.133 compilada en Aug 14 2008
Registro creado en  7:41 pm en 03/14/2010

This patch upgrades Warcraft III The Frozen Throne from the previous version.

RESULTADO: Parche con éxito

============================================================

Blizzard BNUpdate v2.133 compilada en Aug 14 2008
Registro creado en  9:03 am en 02/28/2010

This patch upgrades Warcraft III The Frozen Throne from the previous version.

RESULTADO: Parche con éxito

============================================================

Blizzard BNUpdate v2.133 compilada en Aug 14 2008
Registro creado en  3:50 pm en 12/10/2009

This patch upgrades Warcraft III The Frozen Throne from the previous version.

RESULTADO: Parche con éxito

============================================================

Blizzard BNUpdate v2.133 compilada en Aug 14 2008
Registro creado en  2:05 pm en 08/29/2009

This patch upgrades Warcraft III The Frozen Throne from the previous version.

RESULTADO: Parche con éxito

============================================================

Blizzard BNUpdate v2.133 compilada en Aug 14 2008
Registro creado en  9:02 am en 08/18/2009

This patch upgrades Warcraft III The Frozen Throne from the previous version.

RESULTADO: Parche con éxito

============================================================

Blizzard BNUpdate v2.133 compilada en Aug 14 2008
Registro creado en  3:47 pm en 04/17/2009

This patch upgrades Warcraft III The Frozen Throne from the previous version.

RESULTADO: Parche con éxito

============================================================

Blizzard BNUpdate v2.130 compilada en Jun 24 2008
Registro creado en  3:12 am en 11/18/2008

This patch upgrades Warcraft III The Frozen Throne from the previous version.

RESULTADO: Parche con éxito

============================================================

Blizzard BNUpdate v2.129 compilada en Nov  2 2006
Registro creado en 11:09 pm en 06/13/2007

This patch upgrades Warcraft III The Frozen Throne from the previous version.

RESULTADO: Parche con éxito

