start
hash_init_off - 6f700850
do_hash_off - 6f700880
logonproofhash - 6f38bf53
DoPatch - 6f38bf53
DoPatch - 6f37a1c7
DoPatch - 6f37a796
DoPatch - 6f37a829
DoPatch - 6f38c098
DoPatch - 6f38be7d
DoPatch - 6f0dad9d
patches successful.
start
hash_init_off - 6f700850
do_hash_off - 6f700880
logonproofhash - 6f38bf53
DoPatch - 6f38bf53
DoPatch - 6f37a1c7
DoPatch - 6f37a796
DoPatch - 6f37a829
DoPatch - 6f38c098
DoPatch - 6f38be7d
DoPatch - 6f0dad9d
patches successful.
start
hash_init_off - 6f700850
do_hash_off - 6f700880
logonproofhash - 6f38bf53
DoPatch - 6f38bf53
DoPatch - 6f37a1c7
DoPatch - 6f37a796
DoPatch - 6f37a829
DoPatch - 6f38c098
DoPatch - 6f38be7d
DoPatch - 6f0dad9d
patches successful.
start
hash_init_off - 6f700850
do_hash_off - 6f700880
logonproofhash - 6f38bf53
DoPatch - 6f38bf53
DoPatch - 6f37a1c7
DoPatch - 6f37a796
DoPatch - 6f37a829
DoPatch - 6f38c098
DoPatch - 6f38be7d
DoPatch - 6f0dad9d
patches successful.
start
hash_init_off - 6f700850
do_hash_off - 6f700880
logonproofhash - 6f38bf53
DoPatch - 6f38bf53
DoPatch - 6f37a1c7
DoPatch - 6f37a796
DoPatch - 6f37a829
DoPatch - 6f38c098
DoPatch - 6f38be7d
DoPatch - 6f0dad9d
patches successful.
start
hash_init_off - 6f700850
do_hash_off - 6f700880
logonproofhash - 6f38bf53
DoPatch - 6f38bf53
DoPatch - 6f37a1c7
DoPatch - 6f37a796
DoPatch - 6f37a829
DoPatch - 6f38c098
DoPatch - 6f38be7d
DoPatch - 6f0dad9d
patches successful.
start
hash_init_off - 6f700850
do_hash_off - 6f700880
logonproofhash - 6f38bf53
DoPatch - 6f38bf53
DoPatch - 6f37a1c7
DoPatch - 6f37a796
DoPatch - 6f37a829
DoPatch - 6f38c098
DoPatch - 6f38be7d
DoPatch - 6f0dad9d
patches successful.
start
hash_init_off - 6f700850
do_hash_off - 6f700880
logonproofhash - 6f38bf53
DoPatch - 6f38bf53
DoPatch - 6f37a1c7
DoPatch - 6f37a796
DoPatch - 6f37a829
DoPatch - 6f38c098
DoPatch - 6f38be7d
DoPatch - 6f0dad9d
patches successful.
start
hash_init_off - 6f700850
do_hash_off - 6f700880
logonproofhash - 6f38bf53
DoPatch - 6f38bf53
DoPatch - 6f37a1c7
DoPatch - 6f37a796
DoPatch - 6f37a829
DoPatch - 6f38c098
DoPatch - 6f38be7d
DoPatch - 6f0dad9d
patches successful.
start
hash_init_off - 6f700850
do_hash_off - 6f700880
logonproofhash - 6f38bf53
DoPatch - 6f38bf53
DoPatch - 6f37a1c7
DoPatch - 6f37a796
DoPatch - 6f37a829
DoPatch - 6f38c098
DoPatch - 6f38be7d
DoPatch - 6f0dad9d
patches successful.
start
hash_init_off - 6f700850
do_hash_off - 6f700880
logonproofhash - 6f38bf53
DoPatch - 6f38bf53
DoPatch - 6f37a1c7
DoPatch - 6f37a796
DoPatch - 6f37a829
DoPatch - 6f38c098
DoPatch - 6f38be7d
DoPatch - 6f0dad9d
patches successful.
start
hash_init_off - 6f700850
do_hash_off - 6f700880
logonproofhash - 6f38bf53
DoPatch - 6f38bf53
DoPatch - 6f37a1c7
DoPatch - 6f37a796
DoPatch - 6f37a829
DoPatch - 6f38c098
DoPatch - 6f38be7d
DoPatch - 6f0dad9d
patches successful.
start
hash_init_off - 6f700850
do_hash_off - 6f700880
logonproofhash - 6f38bf53
DoPatch - 6f38bf53
DoPatch - 6f37a1c7
DoPatch - 6f37a796
DoPatch - 6f37a829
DoPatch - 6f38c098
DoPatch - 6f38be7d
DoPatch - 6f0dad9d
patches successful.
start
hash_init_off - 6f700850
do_hash_off - 6f700880
logonproofhash - 6f38bf53
DoPatch - 6f38bf53
DoPatch - 6f37a1c7
DoPatch - 6f37a796
DoPatch - 6f37a829
DoPatch - 6f38c098
DoPatch - 6f38be7d
DoPatch - 6f0dad9d
patches successful.
start
hash_init_off - 6f700850
do_hash_off - 6f700880
logonproofhash - 6f38bf53
DoPatch - 6f38bf53
DoPatch - 6f37a1c7
DoPatch - 6f37a796
DoPatch - 6f37a829
DoPatch - 6f38c098
DoPatch - 6f38be7d
DoPatch - 6f0dad9d
patches successful.
start
hash_init_off - 6f700850
do_hash_off - 6f700880
logonproofhash - 6f38bf53
DoPatch - 6f38bf53
DoPatch - 6f37a1c7
DoPatch - 6f37a796
DoPatch - 6f37a829
DoPatch - 6f38c098
DoPatch - 6f38be7d
DoPatch - 6f0dad9d
patches successful.
start
hash_init_off - 6f700850
do_hash_off - 6f700880
logonproofhash - 6f38bf53
DoPatch - 6f38bf53
DoPatch - 6f37a1c7
DoPatch - 6f37a796
DoPatch - 6f37a829
DoPatch - 6f38c098
DoPatch - 6f38be7d
DoPatch - 6f0dad9d
patches successful.
start
hash_init_off - 6f700850
do_hash_off - 6f700880
logonproofhash - 6f38bf53
DoPatch - 6f38bf53
DoPatch - 6f37a1c7
DoPatch - 6f37a796
DoPatch - 6f37a829
DoPatch - 6f38c098
DoPatch - 6f38be7d
DoPatch - 6f0dad9d
patches successful.
start
hash_init_off - 6f700850
do_hash_off - 6f700880
logonproofhash - 6f38bf53
DoPatch - 6f38bf53
DoPatch - 6f37a1c7
DoPatch - 6f37a796
DoPatch - 6f37a829
DoPatch - 6f38c098
DoPatch - 6f38be7d
DoPatch - 6f0dad9d
patches successful.
start
hash_init_off - 6f7010b0
do_hash_off - 6f7010e0
logonproofhash - 6f38bfc3
DoPatch - 6f38bfc3
DoPatch - 6f37a237
DoPatch - 6f37a806
DoPatch - 6f37a899
DoPatch - 6f38c108
DoPatch - 6f38beed
DoPatch - 6f0dad9d
patches successful.
start
hash_init_off - 6f7010b0
do_hash_off - 6f7010e0
logonproofhash - 6f38bfc3
DoPatch - 6f38bfc3
DoPatch - 6f37a237
DoPatch - 6f37a806
DoPatch - 6f37a899
DoPatch - 6f38c108
DoPatch - 6f38beed
DoPatch - 6f0dad9d
patches successful.
start
hash_init_off - 6f7010b0
do_hash_off - 6f7010e0
logonproofhash - 6f38bfc3
DoPatch - 6f38bfc3
DoPatch - 6f37a237
DoPatch - 6f37a806
DoPatch - 6f37a899
DoPatch - 6f38c108
DoPatch - 6f38beed
DoPatch - 6f0dad9d
patches successful.
start
hash_init_off - 6f7010b0
do_hash_off - 6f7010e0
logonproofhash - 6f38bfc3
DoPatch - 6f38bfc3
DoPatch - 6f37a237
DoPatch - 6f37a806
DoPatch - 6f37a899
DoPatch - 6f38c108
DoPatch - 6f38beed
DoPatch - 6f0dad9d
patches successful.
start
hash_init_off - 6f7010b0
do_hash_off - 6f7010e0
logonproofhash - 6f38bfc3
DoPatch - 6f38bfc3
DoPatch - 6f37a237
DoPatch - 6f37a806
DoPatch - 6f37a899
DoPatch - 6f38c108
DoPatch - 6f38beed
DoPatch - 6f0dad9d
patches successful.
start
hash_init_off - 6f7010b0
do_hash_off - 6f7010e0
logonproofhash - 6f38bfc3
DoPatch - 6f38bfc3
DoPatch - 6f37a237
DoPatch - 6f37a806
DoPatch - 6f37a899
DoPatch - 6f38c108
DoPatch - 6f38beed
DoPatch - 6f0dad9d
patches successful.
start
hash_init_off - 6f7010b0
do_hash_off - 6f7010e0
logonproofhash - 6f38bfc3
DoPatch - 6f38bfc3
DoPatch - 6f37a237
DoPatch - 6f37a806
DoPatch - 6f37a899
DoPatch - 6f38c108
DoPatch - 6f38beed
DoPatch - 6f0dad9d
patches successful.
start
hash_init_off - 6f7010b0
do_hash_off - 6f7010e0
logonproofhash - 6f38bfc3
DoPatch - 6f38bfc3
DoPatch - 6f37a237
DoPatch - 6f37a806
DoPatch - 6f37a899
DoPatch - 6f38c108
DoPatch - 6f38beed
DoPatch - 6f0dad9d
patches successful.
start
hash_init_off - 6f7010b0
do_hash_off - 6f7010e0
logonproofhash - 6f38bfc3
DoPatch - 6f38bfc3
DoPatch - 6f37a237
DoPatch - 6f37a806
DoPatch - 6f37a899
DoPatch - 6f38c108
DoPatch - 6f38beed
DoPatch - 6f0dad9d
patches successful.
start
hash_init_off - 6f7010b0
do_hash_off - 6f7010e0
logonproofhash - 6f38bfc3
DoPatch - 6f38bfc3
DoPatch - 6f37a237
DoPatch - 6f37a806
DoPatch - 6f37a899
DoPatch - 6f38c108
DoPatch - 6f38beed
DoPatch - 6f0dad9d
patches successful.
start
hash_init_off - 6f7010b0
do_hash_off - 6f7010e0
logonproofhash - 6f38bfc3
DoPatch - 6f38bfc3
DoPatch - 6f37a237
DoPatch - 6f37a806
DoPatch - 6f37a899
DoPatch - 6f38c108
DoPatch - 6f38beed
DoPatch - 6f0dad9d
patches successful.
start
hash_init_off - 6f7010b0
do_hash_off - 6f7010e0
logonproofhash - 6f38bfc3
DoPatch - 6f38bfc3
DoPatch - 6f37a237
DoPatch - 6f37a806
DoPatch - 6f37a899
DoPatch - 6f38c108
DoPatch - 6f38beed
DoPatch - 6f0dad9d
patches successful.
start
hash_init_off - 6f7050b0
do_hash_off - 6f7050e0
logonproofhash - 6f38ff23
DoPatch - 6f38ff23
DoPatch - 6f37df37
DoPatch - 6f37e563
DoPatch - 6f37e5f6
DoPatch - 6f390068
DoPatch - 6f38fe4d
DoPatch - 6f0dad9d
patches successful.
start
hash_init_off - 6f7050b0
do_hash_off - 6f7050e0
logonproofhash - 6f38ff23
DoPatch - 6f38ff23
DoPatch - 6f37df37
DoPatch - 6f37e563
DoPatch - 6f37e5f6
DoPatch - 6f390068
DoPatch - 6f38fe4d
DoPatch - 6f0dad9d
patches successful.
start
hash_init_off - 6f7050b0
do_hash_off - 6f7050e0
logonproofhash - 6f38ff23
DoPatch - 6f38ff23
DoPatch - 6f37df37
DoPatch - 6f37e563
DoPatch - 6f37e5f6
DoPatch - 6f390068
DoPatch - 6f38fe4d
DoPatch - 6f0dad9d
patches successful.
start
hash_init_off - 6f7050b0
do_hash_off - 6f7050e0
logonproofhash - 6f38ff23
DoPatch - 6f38ff23
DoPatch - 6f37df37
DoPatch - 6f37e563
DoPatch - 6f37e5f6
DoPatch - 6f390068
DoPatch - 6f38fe4d
DoPatch - 6f0dad9d
patches successful.
start
hash_init_off - 6f7050b0
do_hash_off - 6f7050e0
logonproofhash - 6f38ff23
DoPatch - 6f38ff23
DoPatch - 6f37df37
DoPatch - 6f37e563
DoPatch - 6f37e5f6
DoPatch - 6f390068
DoPatch - 6f38fe4d
DoPatch - 6f0dad9d
patches successful.
start
hash_init_off - 6f7050b0
do_hash_off - 6f7050e0
logonproofhash - 6f38ff23
DoPatch - 6f38ff23
DoPatch - 6f37df37
DoPatch - 6f37e563
DoPatch - 6f37e5f6
DoPatch - 6f390068
DoPatch - 6f38fe4d
DoPatch - 6f0dad9d
patches successful.
start
hash_init_off - 6f7050b0
do_hash_off - 6f7050e0
logonproofhash - 6f38ff23
DoPatch - 6f38ff23
DoPatch - 6f37df37
DoPatch - 6f37e563
DoPatch - 6f37e5f6
DoPatch - 6f390068
DoPatch - 6f38fe4d
DoPatch - 6f0dad9d
patches successful.
start
hash_init_off - 6f7050b0
do_hash_off - 6f7050e0
logonproofhash - 6f38ff23
DoPatch - 6f38ff23
DoPatch - 6f37df37
DoPatch - 6f37e563
DoPatch - 6f37e5f6
DoPatch - 6f390068
DoPatch - 6f38fe4d
DoPatch - 6f0dad9d
patches successful.
start
hash_init_off - 6f7050b0
do_hash_off - 6f7050e0
logonproofhash - 6f38ff23
DoPatch - 6f38ff23
DoPatch - 6f37df37
DoPatch - 6f37e563
DoPatch - 6f37e5f6
DoPatch - 6f390068
DoPatch - 6f38fe4d
DoPatch - 6f0dad9d
patches successful.
start
hash_init_off - 6f7050b0
do_hash_off - 6f7050e0
logonproofhash - 6f38ff23
DoPatch - 6f38ff23
DoPatch - 6f37df37
DoPatch - 6f37e563
DoPatch - 6f37e5f6
DoPatch - 6f390068
DoPatch - 6f38fe4d
DoPatch - 6f0dad9d
patches successful.
start
hash_init_off - 6f7050b0
do_hash_off - 6f7050e0
logonproofhash - 6f38ff23
DoPatch - 6f38ff23
DoPatch - 6f37df37
DoPatch - 6f37e563
DoPatch - 6f37e5f6
DoPatch - 6f390068
DoPatch - 6f38fe4d
DoPatch - 6f0dad9d
patches successful.
start
hash_init_off - 6f7050b0
do_hash_off - 6f7050e0
logonproofhash - 6f38ff23
DoPatch - 6f38ff23
DoPatch - 6f37df37
DoPatch - 6f37e563
DoPatch - 6f37e5f6
DoPatch - 6f390068
DoPatch - 6f38fe4d
DoPatch - 6f0dad9d
patches successful.
start
hash_init_off - 6f7050b0
do_hash_off - 6f7050e0
logonproofhash - 6f38ff23
DoPatch - 6f38ff23
DoPatch - 6f37df37
DoPatch - 6f37e563
DoPatch - 6f37e5f6
DoPatch - 6f390068
DoPatch - 6f38fe4d
DoPatch - 6f0dad9d
patches successful.
start
hash_init_off - 6f7050b0
do_hash_off - 6f7050e0
logonproofhash - 6f38ff23
DoPatch - 6f38ff23
DoPatch - 6f37df37
DoPatch - 6f37e563
DoPatch - 6f37e5f6
DoPatch - 6f390068
DoPatch - 6f38fe4d
DoPatch - 6f0dad9d
patches successful.
start
hash_init_off - 6f7050b0
do_hash_off - 6f7050e0
logonproofhash - 6f38ff23
DoPatch - 6f38ff23
DoPatch - 6f37df37
DoPatch - 6f37e563
DoPatch - 6f37e5f6
DoPatch - 6f390068
DoPatch - 6f38fe4d
DoPatch - 6f0dad9d
patches successful.
start
hash_init_off - 6f7050b0
do_hash_off - 6f7050e0
logonproofhash - 6f38ff23
DoPatch - 6f38ff23
DoPatch - 6f37df37
DoPatch - 6f37e563
DoPatch - 6f37e5f6
DoPatch - 6f390068
DoPatch - 6f38fe4d
DoPatch - 6f0dad9d
patches successful.
start
hash_init_off - 6f7050b0
do_hash_off - 6f7050e0
logonproofhash - 6f38ff23
DoPatch - 6f38ff23
DoPatch - 6f37df37
DoPatch - 6f37e563
DoPatch - 6f37e5f6
DoPatch - 6f390068
DoPatch - 6f38fe4d
DoPatch - 6f0dad9d
patches successful.
start
hash_init_off - 6f7050b0
do_hash_off - 6f7050e0
logonproofhash - 6f38ff23
DoPatch - 6f38ff23
DoPatch - 6f37df37
DoPatch - 6f37e563
DoPatch - 6f37e5f6
DoPatch - 6f390068
DoPatch - 6f38fe4d
DoPatch - 6f0dad9d
patches successful.
start
hash_init_off - 6f7050b0
do_hash_off - 6f7050e0
logonproofhash - 6f38ff23
DoPatch - 6f38ff23
DoPatch - 6f37df37
DoPatch - 6f37e563
DoPatch - 6f37e5f6
DoPatch - 6f390068
DoPatch - 6f38fe4d
DoPatch - 6f0dad9d
patches successful.
start
hash_init_off - 6f7050b0
do_hash_off - 6f7050e0
logonproofhash - 6f38ff23
DoPatch - 6f38ff23
DoPatch - 6f37df37
DoPatch - 6f37e563
DoPatch - 6f37e5f6
DoPatch - 6f390068
DoPatch - 6f38fe4d
DoPatch - 6f0dad9d
patches successful.
start
hash_init_off - 6f7050b0
do_hash_off - 6f7050e0
logonproofhash - 6f38ff23
DoPatch - 6f38ff23
DoPatch - 6f37df37
DoPatch - 6f37e563
DoPatch - 6f37e5f6
DoPatch - 6f390068
DoPatch - 6f38fe4d
DoPatch - 6f0dad9d
patches successful.
start
hash_init_off - 6f7050b0
do_hash_off - 6f7050e0
logonproofhash - 6f38ff23
DoPatch - 6f38ff23
DoPatch - 6f37df37
DoPatch - 6f37e563
DoPatch - 6f37e5f6
DoPatch - 6f390068
DoPatch - 6f38fe4d
DoPatch - 6f0dad9d
patches successful.
start
hash_init_off - 6f7050b0
do_hash_off - 6f7050e0
logonproofhash - 6f38ff23
DoPatch - 6f38ff23
DoPatch - 6f37df37
DoPatch - 6f37e563
DoPatch - 6f37e5f6
DoPatch - 6f390068
DoPatch - 6f38fe4d
DoPatch - 6f0dad9d
patches successful.
start
hash_init_off - 6f7050b0
do_hash_off - 6f7050e0
logonproofhash - 6f38ff23
DoPatch - 6f38ff23
DoPatch - 6f37df37
DoPatch - 6f37e563
DoPatch - 6f37e5f6
DoPatch - 6f390068
DoPatch - 6f38fe4d
DoPatch - 6f0dad9d
patches successful.
start
hash_init_off - 6f7050b0
do_hash_off - 6f7050e0
logonproofhash - 6f38ff23
DoPatch - 6f38ff23
DoPatch - 6f37df37
DoPatch - 6f37e563
DoPatch - 6f37e5f6
DoPatch - 6f390068
DoPatch - 6f38fe4d
DoPatch - 6f0dad9d
patches successful.
start
hash_init_off - 6f7050b0
do_hash_off - 6f7050e0
logonproofhash - 6f38ff23
DoPatch - 6f38ff23
DoPatch - 6f37df37
DoPatch - 6f37e563
DoPatch - 6f37e5f6
DoPatch - 6f390068
DoPatch - 6f38fe4d
DoPatch - 6f0dad9d
patches successful.
start
hash_init_off - 6f7050b0
do_hash_off - 6f7050e0
logonproofhash - 6f38ff23
DoPatch - 6f38ff23
DoPatch - 6f37df37
DoPatch - 6f37e563
DoPatch - 6f37e5f6
DoPatch - 6f390068
DoPatch - 6f38fe4d
DoPatch - 6f0dad9d
patches successful.
start
hash_init_off - 6f7050b0
do_hash_off - 6f7050e0
logonproofhash - 6f38ff23
DoPatch - 6f38ff23
DoPatch - 6f37df37
DoPatch - 6f37e563
DoPatch - 6f37e5f6
DoPatch - 6f390068
DoPatch - 6f38fe4d
DoPatch - 6f0dad9d
patches successful.
start
hash_init_off - 6f7050b0
do_hash_off - 6f7050e0
logonproofhash - 6f38ff23
DoPatch - 6f38ff23
DoPatch - 6f37df37
DoPatch - 6f37e563
DoPatch - 6f37e5f6
DoPatch - 6f390068
DoPatch - 6f38fe4d
DoPatch - 6f0dad9d
patches successful.
start
hash_init_off - 6f7050b0
do_hash_off - 6f7050e0
logonproofhash - 6f38ff23
DoPatch - 6f38ff23
DoPatch - 6f37df37
DoPatch - 6f37e563
DoPatch - 6f37e5f6
DoPatch - 6f390068
DoPatch - 6f38fe4d
DoPatch - 6f0dad9d
patches successful.
start
hash_init_off - 6f7050b0
do_hash_off - 6f7050e0
logonproofhash - 6f38ff23
DoPatch - 6f38ff23
DoPatch - 6f37df37
DoPatch - 6f37e563
DoPatch - 6f37e5f6
DoPatch - 6f390068
DoPatch - 6f38fe4d
DoPatch - 6f0dad9d
patches successful.
start
hash_init_off - 6f7050b0
do_hash_off - 6f7050e0
logonproofhash - 6f38ff23
DoPatch - 6f38ff23
DoPatch - 6f37df37
DoPatch - 6f37e563
DoPatch - 6f37e5f6
DoPatch - 6f390068
DoPatch - 6f38fe4d
DoPatch - 6f0dad9d
patches successful.
start
hash_init_off - 6f7050b0
do_hash_off - 6f7050e0
logonproofhash - 6f38ff23
DoPatch - 6f38ff23
DoPatch - 6f37df37
DoPatch - 6f37e563
DoPatch - 6f37e5f6
DoPatch - 6f390068
DoPatch - 6f38fe4d
DoPatch - 6f0dad9d
patches successful.
start
hash_init_off - 6f7050b0
do_hash_off - 6f7050e0
logonproofhash - 6f38ff23
DoPatch - 6f38ff23
DoPatch - 6f37df37
DoPatch - 6f37e563
DoPatch - 6f37e5f6
DoPatch - 6f390068
DoPatch - 6f38fe4d
DoPatch - 6f0dad9d
patches successful.
start
hash_init_off - 6f7050b0
do_hash_off - 6f7050e0
logonproofhash - 6f38ff23
DoPatch - 6f38ff23
DoPatch - 6f37df37
DoPatch - 6f37e563
DoPatch - 6f37e5f6
DoPatch - 6f390068
DoPatch - 6f38fe4d
DoPatch - 6f0dad9d
patches successful.
start
hash_init_off - 6f7050b0
do_hash_off - 6f7050e0
logonproofhash - 6f38ff23
DoPatch - 6f38ff23
DoPatch - 6f37df37
DoPatch - 6f37e563
DoPatch - 6f37e5f6
DoPatch - 6f390068
DoPatch - 6f38fe4d
DoPatch - 6f0dad9d
patches successful.
